# JRE version: OpenJDK Runtime Environment (8.0_152-b01) (build 1.8.0_152-release-915-b01)
# Java VM: OpenJDK 64-Bit Server VM (25.152-b01 mixed mode windows-amd64 compressed oops)
Heap:
 PSYoungGen      total 133632K, used 37053K [0x00000000eab00000, 0x00000000f3c80000, 0x0000000100000000)
  eden space 123392K, 21% used [0x00000000eab00000,0x00000000ec574cf8,0x00000000f2380000)
  from space 10240K, 97% used [0x00000000f3280000,0x00000000f3c3a8e8,0x00000000f3c80000)
  to   space 12288K, 0% used [0x00000000f2480000,0x00000000f2480000,0x00000000f3080000)
 ParOldGen       total 109568K, used 15841K [0x00000000c0000000, 0x00000000c6b00000, 0x00000000eab00000)
  object space 109568K, 14% used [0x00000000c0000000,0x00000000c0f787c8,0x00000000c6b00000)
 Metaspace       used 43133K, capacity 44104K, committed 44376K, reserved 1087488K
  class space    used 5811K, capacity 6163K, committed 6272K, reserved 1048576K
GC Heap History (10 events):
Event: 2.056 GC heap before
{Heap before GC invocations=6 (full 1):
 PSYoungGen      total 71680K, used 66560K [0x00000000eab00000, 0x00000000ef600000, 0x0000000100000000)
  eden space 66560K, 100% used [0x00000000eab00000,0x00000000eec00000,0x00000000eec00000)
  from space 5120K, 0% used [0x00000000ef100000,0x00000000ef100000,0x00000000ef600000)
  to   space 5120K, 0% used [0x00000000eec00000,0x00000000eec00000,0x00000000ef100000)
 ParOldGen       total 66560K, used 8619K [0x00000000c0000000, 0x00000000c4100000, 0x00000000eab00000)
  object space 66560K, 12% used [0x00000000c0000000,0x00000000c086ad50,0x00000000c4100000)
 Metaspace       used 25853K, capacity 26376K, committed 26624K, reserved 1073152K
  class space    used 3539K, capacity 3731K, committed 3840K, reserved 1048576K
Event: 2.063 GC heap after
Heap after GC invocations=6 (full 1):
 PSYoungGen      total 71680K, used 5094K [0x00000000eab00000, 0x00000000f1b00000, 0x0000000100000000)
  eden space 66560K, 0% used [0x00000000eab00000,0x00000000eab00000,0x00000000eec00000)
  from space 5120K, 99% used [0x00000000eec00000,0x00000000ef0f98c8,0x00000000ef100000)
  to   space 10240K, 0% used [0x00000000f1100000,0x00000000f1100000,0x00000000f1b00000)
 ParOldGen       total 66560K, used 11005K [0x00000000c0000000, 0x00000000c4100000, 0x00000000eab00000)
  object space 66560K, 16% used [0x00000000c0000000,0x00000000c0abf748,0x00000000c4100000)
 Metaspace       used 25853K, capacity 26376K, committed 26624K, reserved 1073152K
  class space    used 3539K, capacity 3731K, committed 3840K, reserved 1048576K
}
Event: 2.662 GC heap before
{Heap before GC invocations=7 (full 1):
 PSYoungGen      total 71680K, used 71654K [0x00000000eab00000, 0x00000000f1b00000, 0x0000000100000000)
  eden space 66560K, 100% used [0x00000000eab00000,0x00000000eec00000,0x00000000eec00000)
  from space 5120K, 99% used [0x00000000eec00000,0x00000000ef0f98c8,0x00000000ef100000)
  to   space 10240K, 0% used [0x00000000f1100000,0x00000000f1100000,0x00000000f1b00000)
 ParOldGen       total 66560K, used 11005K [0x00000000c0000000, 0x00000000c4100000, 0x00000000eab00000)
  object space 66560K, 16% used [0x00000000c0000000,0x00000000c0abf748,0x00000000c4100000)
 Metaspace       used 30136K, capacity 30764K, committed 30976K, reserved 1075200K
  class space    used 4104K, capacity 4319K, committed 4352K, reserved 1048576K
Event: 2.667 GC heap after
Heap after GC invocations=7 (full 1):
 PSYoungGen      total 103424K, used 8406K [0x00000000eab00000, 0x00000000f1b00000, 0x0000000100000000)
  eden space 93184K, 0% used [0x00000000eab00000,0x00000000eab00000,0x00000000f0600000)
  from space 10240K, 82% used [0x00000000f1100000,0x00000000f1935ac8,0x00000000f1b00000)
  to   space 10752K, 0% used [0x00000000f0600000,0x00000000f0600000,0x00000000f1080000)
 ParOldGen       total 66560K, used 11013K [0x00000000c0000000, 0x00000000c4100000, 0x00000000eab00000)
  object space 66560K, 16% used [0x00000000c0000000,0x00000000c0ac1748,0x00000000c4100000)
 Metaspace       used 30136K, capacity 30764K, committed 30976K, reserved 1075200K
  class space    used 4104K, capacity 4319K, committed 4352K, reserved 1048576K
}
Event: 3.952 GC heap before
{Heap before GC invocations=8 (full 1):
 PSYoungGen      total 103424K, used 64943K [0x00000000eab00000, 0x00000000f1b00000, 0x0000000100000000)
  eden space 93184K, 60% used [0x00000000eab00000,0x00000000ee2361f0,0x00000000f0600000)
  from space 10240K, 82% used [0x00000000f1100000,0x00000000f1935ac8,0x00000000f1b00000)
  to   space 10752K, 0% used [0x00000000f0600000,0x00000000f0600000,0x00000000f1080000)
 ParOldGen       total 66560K, used 11013K [0x00000000c0000000, 0x00000000c4100000, 0x00000000eab00000)
  object space 66560K, 16% used [0x00000000c0000000,0x00000000c0ac1748,0x00000000c4100000)
 Metaspace       used 34540K, capacity 35194K, committed 35416K, reserved 1079296K
  class space    used 4685K, capacity 4931K, committed 4992K, reserved 1048576K
Event: 3.960 GC heap after
Heap after GC invocations=8 (full 1):
 PSYoungGen      total 103936K, used 9885K [0x00000000eab00000, 0x00000000f3e00000, 0x0000000100000000)
  eden space 93184K, 0% used [0x00000000eab00000,0x00000000eab00000,0x00000000f0600000)
  from space 10752K, 91% used [0x00000000f0600000,0x00000000f0fa7540,0x00000000f1080000)
  to   space 11776K, 0% used [0x00000000f3280000,0x00000000f3280000,0x00000000f3e00000)
 ParOldGen       total 66560K, used 11085K [0x00000000c0000000, 0x00000000c4100000, 0x00000000eab00000)
  object space 66560K, 16% used [0x00000000c0000000,0x00000000c0ad3758,0x00000000c4100000)
 Metaspace       used 34540K, capacity 35194K, committed 35416K, reserved 1079296K
  class space    used 4685K, capacity 4931K, committed 4992K, reserved 1048576K
}
Event: 3.960 GC heap before
{Heap before GC invocations=9 (full 2):
 PSYoungGen      total 103936K, used 9885K [0x00000000eab00000, 0x00000000f3e00000, 0x0000000100000000)
  eden space 93184K, 0% used [0x00000000eab00000,0x00000000eab00000,0x00000000f0600000)
  from space 10752K, 91% used [0x00000000f0600000,0x00000000f0fa7540,0x00000000f1080000)
  to   space 11776K, 0% used [0x00000000f3280000,0x00000000f3280000,0x00000000f3e00000)
 ParOldGen       total 66560K, used 11085K [0x00000000c0000000, 0x00000000c4100000, 0x00000000eab00000)
  object space 66560K, 16% used [0x00000000c0000000,0x00000000c0ad3758,0x00000000c4100000)
 Metaspace       used 34540K, capacity 35194K, committed 35416K, reserved 1079296K
  class space    used 4685K, capacity 4931K, committed 4992K, reserved 1048576K
Event: 4.020 GC heap after
Heap after GC invocations=9 (full 2):
 PSYoungGen      total 103936K, used 0K [0x00000000eab00000, 0x00000000f3e00000, 0x0000000100000000)
  eden space 93184K, 0% used [0x00000000eab00000,0x00000000eab00000,0x00000000f0600000)
  from space 10752K, 0% used [0x00000000f0600000,0x00000000f0600000,0x00000000f1080000)
  to   space 11776K, 0% used [0x00000000f3280000,0x00000000f3280000,0x00000000f3e00000)
 ParOldGen       total 109568K, used 15833K [0x00000000c0000000, 0x00000000c6b00000, 0x00000000eab00000)
  object space 109568K, 14% used [0x00000000c0000000,0x00000000c0f767c8,0x00000000c6b00000)
 Metaspace       used 34540K, capacity 35194K, committed 35416K, reserved 1079296K
  class space    used 4685K, capacity 4931K, committed 4992K, reserved 1048576K
}
Event: 5.141 GC heap before
{Heap before GC invocations=10 (full 2):
 PSYoungGen      total 103936K, used 93184K [0x00000000eab00000, 0x00000000f3e00000, 0x0000000100000000)
  eden space 93184K, 100% used [0x00000000eab00000,0x00000000f0600000,0x00000000f0600000)
  from space 10752K, 0% used [0x00000000f0600000,0x00000000f0600000,0x00000000f1080000)
  to   space 11776K, 0% used [0x00000000f3280000,0x00000000f3280000,0x00000000f3e00000)
 ParOldGen       total 109568K, used 15833K [0x00000000c0000000, 0x00000000c6b00000, 0x00000000eab00000)
  object space 109568K, 14% used [0x00000000c0000000,0x00000000c0f767c8,0x00000000c6b00000)
 Metaspace       used 40600K, capacity 41430K, committed 41816K, reserved 1085440K
  class space    used 5388K, capacity 5675K, committed 5760K, reserved 1048576K
Event: 5.153 GC heap after
Heap after GC invocations=10 (full 2):
 PSYoungGen      total 133632K, used 9962K [0x00000000eab00000, 0x00000000f3c80000, 0x0000000100000000)
  eden space 123392K, 0% used [0x00000000eab00000,0x00000000eab00000,0x00000000f2380000)
  from space 10240K, 97% used [0x00000000f3280000,0x00000000f3c3a8e8,0x00000000f3c80000)
  to   space 12288K, 0% used [0x00000000f2480000,0x00000000f2480000,0x00000000f3080000)
 ParOldGen       total 109568K, used 15841K [0x00000000c0000000, 0x00000000c6b00000, 0x00000000eab00000)
  object space 109568K, 14% used [0x00000000c0000000,0x00000000c0f787c8,0x00000000c6b00000)
 Metaspace       used 40600K, capacity 41430K, committed 41816K, reserved 1085440K
  class space    used 5388K, capacity 5675K, committed 5760K, reserved 1048576K
}

