# JRE version: OpenJDK Runtime Environment (8.0_152-b01) (build 1.8.0_152-release-915-b01)
# Java VM: OpenJDK 64-Bit Server VM (25.152-b01 mixed mode windows-amd64 compressed oops)
Heap:
 PSYoungGen      total 252416K, used 52609K [0x00000000eab00000, 0x00000000fd580000, 0x0000000100000000)
  eden space 216576K, 11% used [0x00000000eab00000,0x00000000ec403918,0x00000000f7e80000)
  from space 35840K, 75% used [0x00000000fb280000,0x00000000fccdcd80,0x00000000fd580000)
  to   space 44544K, 0% used [0x00000000f7e80000,0x00000000f7e80000,0x00000000faa00000)
 ParOldGen       total 168448K, used 68781K [0x00000000c0000000, 0x00000000ca480000, 0x00000000eab00000)
  object space 168448K, 40% used [0x00000000c0000000,0x00000000c432b510,0x00000000ca480000)
 Metaspace       used 85262K, capacity 91226K, committed 91480K, reserved 1128448K
  class space    used 10757K, capacity 12087K, committed 12160K, reserved 1048576K
GC Heap History (10 events):
Event: 584.027 GC heap before
{Heap before GC invocations=29 (full 3):
 PSYoungGen      total 279552K, used 279359K [0x00000000eab00000, 0x00000000fef00000, 0x0000000100000000)
  eden space 256000K, 100% used [0x00000000eab00000,0x00000000fa500000,0x00000000fa500000)
  from space 23552K, 99% used [0x00000000fae00000,0x00000000fc4cff98,0x00000000fc500000)
  to   space 37888K, 0% used [0x00000000fca00000,0x00000000fca00000,0x00000000fef00000)
 ParOldGen       total 168448K, used 67381K [0x00000000c0000000, 0x00000000ca480000, 0x00000000eab00000)
  object space 168448K, 40% used [0x00000000c0000000,0x00000000c41cd450,0x00000000ca480000)
 Metaspace       used 83728K, capacity 88698K, committed 88792K, reserved 1126400K
  class space    used 10604K, capacity 11729K, committed 11776K, reserved 1048576K
Event: 584.046 GC heap after
Heap after GC invocations=29 (full 3):
 PSYoungGen      total 282624K, used 33819K [0x00000000eab00000, 0x00000000fec80000, 0x0000000100000000)
  eden space 247296K, 0% used [0x00000000eab00000,0x00000000eab00000,0x00000000f9c80000)
  from space 35328K, 95% used [0x00000000fca00000,0x00000000feb06f38,0x00000000fec80000)
  to   space 40960K, 0% used [0x00000000f9c80000,0x00000000f9c80000,0x00000000fc480000)
 ParOldGen       total 168448K, used 67389K [0x00000000c0000000, 0x00000000ca480000, 0x00000000eab00000)
  object space 168448K, 40% used [0x00000000c0000000,0x00000000c41cf450,0x00000000ca480000)
 Metaspace       used 83728K, capacity 88698K, committed 88792K, reserved 1126400K
  class space    used 10604K, capacity 11729K, committed 11776K, reserved 1048576K
}
Event: 660.873 GC heap before
{Heap before GC invocations=30 (full 3):
 PSYoungGen      total 282624K, used 281115K [0x00000000eab00000, 0x00000000fec80000, 0x0000000100000000)
  eden space 247296K, 100% used [0x00000000eab00000,0x00000000f9c80000,0x00000000f9c80000)
  from space 35328K, 95% used [0x00000000fca00000,0x00000000feb06f38,0x00000000fec80000)
  to   space 40960K, 0% used [0x00000000f9c80000,0x00000000f9c80000,0x00000000fc480000)
 ParOldGen       total 168448K, used 67389K [0x00000000c0000000, 0x00000000ca480000, 0x00000000eab00000)
  object space 168448K, 40% used [0x00000000c0000000,0x00000000c41cf450,0x00000000ca480000)
 Metaspace       used 84422K, capacity 90036K, committed 90328K, reserved 1128448K
  class space    used 10701K, capacity 11948K, committed 12032K, reserved 1048576K
Event: 660.898 GC heap after
Heap after GC invocations=30 (full 3):
 PSYoungGen      total 278528K, used 39177K [0x00000000eab00000, 0x00000000fec80000, 0x0000000100000000)
  eden space 239104K, 0% used [0x00000000eab00000,0x00000000eab00000,0x00000000f9480000)
  from space 39424K, 99% used [0x00000000f9c80000,0x00000000fc2c2760,0x00000000fc300000)
  to   space 42496K, 0% used [0x00000000fc300000,0x00000000fc300000,0x00000000fec80000)
 ParOldGen       total 168448K, used 67397K [0x00000000c0000000, 0x00000000ca480000, 0x00000000eab00000)
  object space 168448K, 40% used [0x00000000c0000000,0x00000000c41d1450,0x00000000ca480000)
 Metaspace       used 84422K, capacity 90036K, committed 90328K, reserved 1128448K
  class space    used 10701K, capacity 11948K, committed 12032K, reserved 1048576K
}
Event: 728.459 GC heap before
{Heap before GC invocations=31 (full 3):
 PSYoungGen      total 278528K, used 278281K [0x00000000eab00000, 0x00000000fec80000, 0x0000000100000000)
  eden space 239104K, 100% used [0x00000000eab00000,0x00000000f9480000,0x00000000f9480000)
  from space 39424K, 99% used [0x00000000f9c80000,0x00000000fc2c2760,0x00000000fc300000)
  to   space 42496K, 0% used [0x00000000fc300000,0x00000000fc300000,0x00000000fec80000)
 ParOldGen       total 168448K, used 67397K [0x00000000c0000000, 0x00000000ca480000, 0x00000000eab00000)
  object space 168448K, 40% used [0x00000000c0000000,0x00000000c41d1450,0x00000000ca480000)
 Metaspace       used 84797K, capacity 90592K, committed 90840K, reserved 1128448K
  class space    used 10728K, capacity 12016K, committed 12032K, reserved 1048576K
Event: 728.476 GC heap after
Heap after GC invocations=31 (full 3):
 PSYoungGen      total 269312K, used 33258K [0x00000000eab00000, 0x00000000fe800000, 0x0000000100000000)
  eden space 231424K, 0% used [0x00000000eab00000,0x00000000eab00000,0x00000000f8d00000)
  from space 37888K, 87% used [0x00000000fc300000,0x00000000fe37aa60,0x00000000fe800000)
  to   space 46592K, 0% used [0x00000000f8d00000,0x00000000f8d00000,0x00000000fba80000)
 ParOldGen       total 168448K, used 67405K [0x00000000c0000000, 0x00000000ca480000, 0x00000000eab00000)
  object space 168448K, 40% used [0x00000000c0000000,0x00000000c41d3450,0x00000000ca480000)
 Metaspace       used 84797K, capacity 90592K, committed 90840K, reserved 1128448K
  class space    used 10728K, capacity 12016K, committed 12032K, reserved 1048576K
}
Event: 747.406 GC heap before
{Heap before GC invocations=32 (full 3):
 PSYoungGen      total 269312K, used 264682K [0x00000000eab00000, 0x00000000fe800000, 0x0000000100000000)
  eden space 231424K, 100% used [0x00000000eab00000,0x00000000f8d00000,0x00000000f8d00000)
  from space 37888K, 87% used [0x00000000fc300000,0x00000000fe37aa60,0x00000000fe800000)
  to   space 46592K, 0% used [0x00000000f8d00000,0x00000000f8d00000,0x00000000fba80000)
 ParOldGen       total 168448K, used 67405K [0x00000000c0000000, 0x00000000ca480000, 0x00000000eab00000)
  object space 168448K, 40% used [0x00000000c0000000,0x00000000c41d3450,0x00000000ca480000)
 Metaspace       used 84930K, capacity 90720K, committed 90840K, reserved 1128448K
  class space    used 10728K, capacity 12016K, committed 12032K, reserved 1048576K
Event: 747.420 GC heap after
Heap after GC invocations=32 (full 3):
 PSYoungGen      total 253952K, used 29792K [0x00000000eab00000, 0x00000000fdf80000, 0x0000000100000000)
  eden space 223744K, 0% used [0x00000000eab00000,0x00000000eab00000,0x00000000f8580000)
  from space 30208K, 98% used [0x00000000f8d00000,0x00000000faa18280,0x00000000faa80000)
  to   space 46080K, 0% used [0x00000000fb280000,0x00000000fb280000,0x00000000fdf80000)
 ParOldGen       total 168448K, used 67413K [0x00000000c0000000, 0x00000000ca480000, 0x00000000eab00000)
  object space 168448K, 40% used [0x00000000c0000000,0x00000000c41d5450,0x00000000ca480000)
 Metaspace       used 84930K, capacity 90720K, committed 90840K, reserved 1128448K
  class space    used 10728K, capacity 12016K, committed 12032K, reserved 1048576K
}
Event: 1946.759 GC heap before
{Heap before GC invocations=33 (full 3):
 PSYoungGen      total 253952K, used 253536K [0x00000000eab00000, 0x00000000fdf80000, 0x0000000100000000)
  eden space 223744K, 100% used [0x00000000eab00000,0x00000000f8580000,0x00000000f8580000)
  from space 30208K, 98% used [0x00000000f8d00000,0x00000000faa18280,0x00000000faa80000)
  to   space 46080K, 0% used [0x00000000fb280000,0x00000000fb280000,0x00000000fdf80000)
 ParOldGen       total 168448K, used 67413K [0x00000000c0000000, 0x00000000ca480000, 0x00000000eab00000)
  object space 168448K, 40% used [0x00000000c0000000,0x00000000c41d5450,0x00000000ca480000)
 Metaspace       used 85232K, capacity 91162K, committed 91480K, reserved 1128448K
  class space    used 10756K, capacity 12087K, committed 12160K, reserved 1048576K
Event: 1946.774 GC heap after
Heap after GC invocations=33 (full 3):
 PSYoungGen      total 252416K, used 26995K [0x00000000eab00000, 0x00000000fd580000, 0x0000000100000000)
  eden space 216576K, 0% used [0x00000000eab00000,0x00000000eab00000,0x00000000f7e80000)
  from space 35840K, 75% used [0x00000000fb280000,0x00000000fccdcd80,0x00000000fd580000)
  to   space 44544K, 0% used [0x00000000f7e80000,0x00000000f7e80000,0x00000000faa00000)
 ParOldGen       total 168448K, used 68781K [0x00000000c0000000, 0x00000000ca480000, 0x00000000eab00000)
  object space 168448K, 40% used [0x00000000c0000000,0x00000000c432b510,0x00000000ca480000)
 Metaspace       used 85232K, capacity 91162K, committed 91480K, reserved 1128448K
  class space    used 10756K, capacity 12087K, committed 12160K, reserved 1048576K
}

